#0  0x73c34f in galacticus_signal_handler_sigfpe
	at ./work/build/galacticus.error.p.F90:481
#1  0x7f12be6ef1ef in ???
	at /data001/abenson/Galacticus/Tools/glibc-2.12.1/signal/../sysdeps/unix/sysv/linux/x86_64/sigaction.c:0
#2  0x646d07 in __dark_matter_profiles_dmo_MOD_nfwdensityenclosedbyradiusscalefree
	at ./work/build/dark_matter_profiles_DMO.NFW.p.F90:1181
#3  0x646ab7 in __dark_matter_profiles_dmo_MOD_nfwencloseddensitytabulate
	at ./work/build/dark_matter_profiles_DMO.NFW.p.F90:1207
#4  0x6470e6 in __dark_matter_profiles_dmo_MOD_nfwradiusenclosingdensity
	at ./work/build/dark_matter_profiles_DMO.NFW.p.F90:1102
#5  0x616541 in __dark_matter_profile_mass_definitions_MOD_dark_matter_profile_mass_definition
	at ./work/build/dark_matter_profiles.structure.mass_definitions.p.F90:103
#6  0x13d53bc in __virial_orbits_MOD_jiang2014orbit
	at ./work/build/satellites.merging.virial_orbits.Jiang2014.p.F90:789
#7  0x13e1004 in __virial_orbits_MOD_isotropicorbit
	at ./work/build/satellites.merging.virial_orbits.isotropic.p.F90:202
#8  0x1081210 in __node_component_satellite_standard_MOD_node_component_satellite_standard_create
	at ./work/build/objects.nodes.components.satellite.standard.p.F90:774
#9  0x108192f in __node_component_satellite_standard_MOD_node_component_satellite_standard_create
	at ./work/build/objects.nodes.components.satellite.standard.p.F90:488
#10  0x108192f in __node_component_satellite_standard_MOD_node_component_satellite_standard_tree_initialize
	at ./work/build/objects.nodes.components.satellite.standard.p.F90:496
#11  0xcf9306 in __merger_tree_initialization_MOD_standardinitialize
	at /home/dgonzalez-dysinger/Galacticus/galacticus_new/<stdin>:20
#12  0xceca67 in __merger_trees_evolve_MOD_standardevolve
	at ./work/build/merger_trees.evolver.standard.p.F90:660
#13  0x1759fcd in __tasks_MOD_evolveforestsperform._omp_fn.0
	at ./work/build/tasks.evolve_forests.p.F90:1541
#14  0x7f12bf0bcea5 in gomp_thread_start
	at ../../../gcc-git/libgomp/team.c:123
#15  0x7f12bea2dc39 in start_thread
	at /data001/abenson/Galacticus/Tools/glibc-2.12.1/nptl/pthread_create.c:301
#16  0x7f12be78c61c in ???
	at ../sysdeps/unix/sysv/linux/x86_64/clone.S:115
#17  0xffffffffffffffff in ???
              ##                                     
   ####        #                  #                  
  #   #        #             #                       
 #       ###   #  ###   ### ###  ##   ### ## ##   ## 
 #       #  #  #  #  # #  #  #    #  #  #  #  #  #   
 #   ###  ###  #   ### #     #    #  #     #  #   #  
  #   #  #  #  #  #  # #     #    #  #     #  #    # 
   ####  #### ### ####  ###   ## ###  ###   #### ##  

 © 2009, 2010, 2011, 2012, 2013, 2014, 2015, 2016,
   2017, 2018, 2019, 2020, 2021
   - Andrew Benson

MM: Memory:         code +      nodes +       misc =      total
MM:            28.070Mib +   1.000  b +   9.000  b =  28.070Mib
MM: -> Begin task: merger tree evolution
 2:     Memory:         code +      nodes +       misc =      total
 2:                28.070Mib +   1.000  b +   5.622Mib =  33.693Mib
 8:     Memory:         code +      nodes +       misc =      total
 8:                28.070Mib +   1.000  b +  12.662Mib =  40.732Mib
11:     Memory:         code +      nodes +       misc =      total
11:                28.070Mib +   1.000  b +  21.116Mib =  49.186Mib
 4:     Memory:         code +      nodes +       misc =      total
 4:                28.070Mib +   1.000  b +  31.000Mib =  59.070Mib
 4:     Memory:         code +      nodes +       misc =      total
 4:                28.070Mib +   1.000  b +  42.965Mib =  71.036Mib
10:     Memory:         code +      nodes +       misc =      total
10:                28.070Mib +   1.000  b +  57.864Mib =  85.934Mib
 4:     Memory:         code +      nodes +       misc =      total
 4:                28.070Mib +   1.000  b +  76.415Mib = 104.485Mib
 9:     Memory:         code +      nodes +       misc =      total
 9:                28.070Mib +   1.000  b +  97.974Mib = 126.044Mib
 8:     Memory:         code +      nodes +       misc =      total
 8:                28.070Mib +   1.000  b + 125.815Mib = 153.885Mib
 5:     -> Evolving tree number 19 {1}
 Galacticus experienced a floating point exception - will try to flush data before exiting.
  => Error occurred in thread            5

Program aborted. Backtrace:
#0  0x73c362 in galacticus_signal_handler_sigfpe
	at ./work/build/galacticus.error.p.F90:497
#1  0x7f12be6ef1ef in ???
	at /data001/abenson/Galacticus/Tools/glibc-2.12.1/signal/../sysdeps/unix/sysv/linux/x86_64/sigaction.c:0
#2  0x646d07 in __dark_matter_profiles_dmo_MOD_nfwdensityenclosedbyradiusscalefree
	at ./work/build/dark_matter_profiles_DMO.NFW.p.F90:1181
#3  0x646ab7 in __dark_matter_profiles_dmo_MOD_nfwencloseddensitytabulate
	at ./work/build/dark_matter_profiles_DMO.NFW.p.F90:1207
#4  0x6470e6 in __dark_matter_profiles_dmo_MOD_nfwradiusenclosingdensity
	at ./work/build/dark_matter_profiles_DMO.NFW.p.F90:1102
#5  0x616541 in __dark_matter_profile_mass_definitions_MOD_dark_matter_profile_mass_definition
	at ./work/build/dark_matter_profiles.structure.mass_definitions.p.F90:103
#6  0x13d53bc in __virial_orbits_MOD_jiang2014orbit
	at ./work/build/satellites.merging.virial_orbits.Jiang2014.p.F90:789
#7  0x13e1004 in __virial_orbits_MOD_isotropicorbit
	at ./work/build/satellites.merging.virial_orbits.isotropic.p.F90:202
#8  0x1081210 in __node_component_satellite_standard_MOD_node_component_satellite_standard_create
	at ./work/build/objects.nodes.components.satellite.standard.p.F90:774
#9  0x108192f in __node_component_satellite_standard_MOD_node_component_satellite_standard_create
	at ./work/build/objects.nodes.components.satellite.standard.p.F90:488
#10  0x108192f in __node_component_satellite_standard_MOD_node_component_satellite_standard_tree_initialize
	at ./work/build/objects.nodes.components.satellite.standard.p.F90:496
#11  0xcf9306 in __merger_tree_initialization_MOD_standardinitialize
	at /home/dgonzalez-dysinger/Galacticus/galacticus_new/<stdin>:20
#12  0xceca67 in __merger_trees_evolve_MOD_standardevolve
	at ./work/build/merger_trees.evolver.standard.p.F90:660
#13  0x1759fcd in __tasks_MOD_evolveforestsperform._omp_fn.0
	at ./work/build/tasks.evolve_forests.p.F90:1541
#14  0x7f12bf0bcea5 in gomp_thread_start
	at ../../../gcc-git/libgomp/team.c:123
#15  0x7f12bea2dc39 in start_thread
	at /data001/abenson/Galacticus/Tools/glibc-2.12.1/nptl/pthread_create.c:301
#16  0x7f12be78c61c in ???
	at ../sysdeps/unix/sysv/linux/x86_64/clone.S:115
#17  0xffffffffffffffff in ???
